<?xml version="1.0" encoding="UTF-8"?>
<!-- Generated by org.testng.reporters.JUnitXMLReporter -->
<testsuite ignored="1" hostname="Roohi" failures="3" tests="46" name="Test" time="57.959" errors="0" timestamp="2024-05-14T12:28:18 EDT">
  <testcase classname="test_ng.Testparameters" name="add5" time="0.01"/>
  <testcase classname="test_ng.Testparameters" name="add7" time="0.001"/>
  <testcase classname="test_ng.Testparameters" name="add9" time="0.002"/>
  <testcase classname="test_ng.Testparameters" name="add9" time="0.0"/>
  <testcase classname="test_ng.Testparameters" name="add9" time="0.001"/>
  <testcase classname="test_ng.Testparameters" name="add" time="0.001"/>
  <testcase classname="test_ng.Testparameters" name="add1" time="0.002"/>
  <testcase classname="test_ng.Testparameters" name="add6" time="0.001"/>
  <testcase classname="test_ng.Testparameters" name="add3" time="0.002"/>
  <testcase classname="test_ng.Parentclass_Childclass_comandprogram" name="addproduct1" time="33.066"/>
  <testcase classname="test_ng.Assignment208" name="method2" time="1.511">
    <failure type="java.io.FileNotFoundException" message="C:\Users\roohi\eclipse-workspace\Maven_Project_1\src\test\java\test_ng\ScreenshotinTESTNG\.png (The system cannot find the path specified)">
      <![CDATA[java.io.FileNotFoundException: C:\Users\roohi\eclipse-workspace\Maven_Project_1\src\test\java\test_ng\ScreenshotinTESTNG\.png (The system cannot find the path specified)
at java.base/java.io.FileOutputStream.open0(Native Method)
at java.base/java.io.FileOutputStream.open(FileOutputStream.java:293)
at java.base/java.io.FileOutputStream.<init>(FileOutputStream.java:235)
at java.base/java.io.FileOutputStream.<init>(FileOutputStream.java:184)
at org.openqa.selenium.io.FileHandler.copyFile(FileHandler.java:131)
at org.openqa.selenium.io.FileHandler.copy(FileHandler.java:110)
at test_ng.Assignment208.method2(Assignment208.java:41)
at java.base/java.util.ArrayList.forEach(ArrayList.java:1511)
... Removed 27 stack frames]]>
    </failure>
  </testcase> <!-- method2 -->
  <testcase classname="test_ng.Assignment207" name="y" time="0.261"/>
  <testcase classname="test_ng.Assignment202" name="add" time="0.015"/>
  <testcase classname="test_ng.Assignment202" name="add0" time="0.0"/>
  <testcase classname="test_ng.Assignment202" name="add8" time="0.0"/>
  <testcase classname="test_ng.Grouping_testcases" name="add" time="0.0"/>
  <testcase classname="test_ng.Grouping_testcases" name="add1" time="0.0"/>
  <testcase classname="test_ng.Grouping_testcases" name="add2" time="0.0"/>
  <testcase classname="test_ng.Grouping_testcases" name="add3" time="0.0"/>
  <testcase classname="test_ng.Grouping_testcases" name="add4" time="0.0"/>
  <testcase classname="test_ng.Assignment201" name="add" time="0.0"/>
  <testcase classname="test_ng.Assignment201" name="add8" time="0.0"/>
  <testcase classname="test_ng.Assignment200" name="add" time="0.016"/>
  <testcase classname="test_ng.Assignment199" name="add5" time="0.0"/>
  <testcase classname="test_ng.Testcase1" name="add" time="0.0"/>
  <testcase classname="test_ng.Testcase1" name="add" time="0.0"/>
  <testcase classname="test_ng.Testcase1" name="add" time="0.0"/>
  <testcase classname="test_ng.Testcase1" name="add" time="0.0"/>
  <testcase classname="test_ng.Testcase1" name="add" time="0.065"/>
  <testcase classname="test_ng.Testcase1" name="add" time="0.0"/>
  <testcase classname="test_ng.Testcase1" name="add" time="0.0"/>
  <testcase classname="test_ng.Testcase1" name="add" time="0.0"/>
  <testcase classname="test_ng.Testcase1" name="add" time="0.0"/>
  <testcase classname="test_ng.Testcase1" name="add" time="0.016"/>
  <testcase classname="test_ng.Testcase1" name="add" time="0.0"/>
  <testcase classname="test_ng.Testcase1" name="add" time="0.001"/>
  <testcase classname="test_ng.Testcase1" name="num" time="0.0"/>
  <testcase classname="test_ng.TestCase5" name="method1" time="0.0"/>
  <testcase classname="test_ng.TestCase4" name="method1" time="0.0"/>
  <testcase classname="test_ng.HowtoscrollUpanddown" name="Scrollupanddown" time="9.414">
    <failure type="org.openqa.selenium.WebDriverException" message="target frame detached
  (failed to check if window was closed: disconnected: Unable to receive message from renderer)
  (Session info: chrome=124.0.6367.202)
Build info: version: &amp;apos;4.20.0&amp;apos;, revision: &amp;apos;866c76ca80&amp;apos;
System info: os.name: &amp;apos;Windows 11&amp;apos;, os.arch: &amp;apos;amd64&amp;apos;, os.version: &amp;apos;10.0&amp;apos;, java.version: &amp;apos;17.0.10&amp;apos;
Driver info: org.openqa.selenium.chrome.ChromeDriver
Command: [d88d70f688cf7bfb1e75c5c01d962b5f, findElement {value=twotabsearchtextbox, using=id}]
Capabilities {acceptInsecureCerts: false, browserName: chrome, browserVersion: 124.0.6367.202, chrome: {chromedriverVersion: 124.0.6367.207 (a9001a6e39f..., userDataDir: C:\Users\roohi\AppData\Loca...}, fedcm:accounts: true, goog:chromeOptions: {debuggerAddress: localhost:61656}, networkConnectionEnabled: false, pageLoadStrategy: normal, platformName: windows, proxy: Proxy(), se:cdp: ws://localhost:61656/devtoo..., se:cdpVersion: 124.0.6367.202, setWindowRect: true, strictFileInteractability: false, timeouts: {implicit: 0, pageLoad: 300000, script: 30000}, unhandledPromptBehavior: dismiss and notify, webauthn:extension:credBlob: true, webauthn:extension:largeBlob: true, webauthn:extension:minPinLength: true, webauthn:extension:prf: true, webauthn:virtualAuthenticators: true}
Session ID: d88d70f688cf7bfb1e75c5c01d962b5f">
      <![CDATA[org.openqa.selenium.WebDriverException: target frame detached
  (failed to check if window was closed: disconnected: Unable to receive message from renderer)
  (Session info: chrome=124.0.6367.202)
Build info: version: '4.20.0', revision: '866c76ca80'
System info: os.name: 'Windows 11', os.arch: 'amd64', os.version: '10.0', java.version: '17.0.10'
Driver info: org.openqa.selenium.chrome.ChromeDriver
Command: [d88d70f688cf7bfb1e75c5c01d962b5f, findElement {value=twotabsearchtextbox, using=id}]
Capabilities {acceptInsecureCerts: false, browserName: chrome, browserVersion: 124.0.6367.202, chrome: {chromedriverVersion: 124.0.6367.207 (a9001a6e39f..., userDataDir: C:\Users\roohi\AppData\Loca...}, fedcm:accounts: true, goog:chromeOptions: {debuggerAddress: localhost:61656}, networkConnectionEnabled: false, pageLoadStrategy: normal, platformName: windows, proxy: Proxy(), se:cdp: ws://localhost:61656/devtoo..., se:cdpVersion: 124.0.6367.202, setWindowRect: true, strictFileInteractability: false, timeouts: {implicit: 0, pageLoad: 300000, script: 30000}, unhandledPromptBehavior: dismiss and notify, webauthn:extension:credBlob: true, webauthn:extension:largeBlob: true, webauthn:extension:minPinLength: true, webauthn:extension:prf: true, webauthn:virtualAuthenticators: true}
Session ID: d88d70f688cf7bfb1e75c5c01d962b5f
at org.openqa.selenium.remote.ErrorCodec.decode(ErrorCodec.java:167)
at org.openqa.selenium.remote.codec.w3c.W3CHttpResponseCodec.decode(W3CHttpResponseCodec.java:138)
at org.openqa.selenium.remote.codec.w3c.W3CHttpResponseCodec.decode(W3CHttpResponseCodec.java:50)
at org.openqa.selenium.remote.HttpCommandExecutor.execute(HttpCommandExecutor.java:190)
at org.openqa.selenium.remote.service.DriverCommandExecutor.invokeExecute(DriverCommandExecutor.java:216)
at org.openqa.selenium.remote.service.DriverCommandExecutor.execute(DriverCommandExecutor.java:174)
at org.openqa.selenium.remote.RemoteWebDriver.execute(RemoteWebDriver.java:518)
at org.openqa.selenium.remote.ElementLocation$ElementFinder$2.findElement(ElementLocation.java:165)
at org.openqa.selenium.remote.ElementLocation.findElement(ElementLocation.java:66)
at org.openqa.selenium.remote.RemoteWebDriver.findElement(RemoteWebDriver.java:355)
at org.openqa.selenium.remote.RemoteWebDriver.findElement(RemoteWebDriver.java:349)
at test_ng.HowtoscrollUpanddown.Scrollupanddown(HowtoscrollUpanddown.java:26)
at java.base/java.util.ArrayList.forEach(ArrayList.java:1511)
... Removed 32 stack frames]]>
    </failure>
  </testcase> <!-- Scrollupanddown -->
  <testcase classname="test_ng.Addtwoproducts_by_pankaj" name="amazon_22" time="3.968">
    <failure type="org.openqa.selenium.NoSuchElementException" message="Unable to find element with locator By.id: nav-link-accountList-nav-line-1
For documentation on this error, please visit: https://www.selenium.dev/documentation/webdriver/troubleshooting/errors#no-such-element-exception
Build info: version: &amp;apos;4.20.0&amp;apos;, revision: &amp;apos;866c76ca80&amp;apos;
System info: os.name: &amp;apos;Windows 11&amp;apos;, os.arch: &amp;apos;amd64&amp;apos;, os.version: &amp;apos;10.0&amp;apos;, java.version: &amp;apos;17.0.10&amp;apos;
Driver info: driver.version: RemoteWebDriver">
      <![CDATA[org.openqa.selenium.NoSuchElementException: Unable to find element with locator By.id: nav-link-accountList-nav-line-1
For documentation on this error, please visit: https://www.selenium.dev/documentation/webdriver/troubleshooting/errors#no-such-element-exception
Build info: version: '4.20.0', revision: '866c76ca80'
System info: os.name: 'Windows 11', os.arch: 'amd64', os.version: '10.0', java.version: '17.0.10'
Driver info: driver.version: RemoteWebDriver
at org.openqa.selenium.remote.ElementLocation$ElementFinder$2.findElement(ElementLocation.java:168)
at org.openqa.selenium.remote.ElementLocation.findElement(ElementLocation.java:66)
at org.openqa.selenium.remote.RemoteWebDriver.findElement(RemoteWebDriver.java:355)
at org.openqa.selenium.remote.RemoteWebDriver.findElement(RemoteWebDriver.java:349)
at test_ng.Addtwoproducts_by_pankaj.amazon_22(Addtwoproducts_by_pankaj.java:25)
at java.base/java.util.ArrayList.forEach(ArrayList.java:1511)
... Removed 27 stack frames]]>
    </failure>
  </testcase> <!-- amazon_22 -->
  <testcase classname="test_ng.TestCase3" name="method1" time="0.005"/>
  <testcase classname="test_ng.TestCase2" name="method6" time="0.023"/>
  <testcase classname="test_ng.TestCase2" name="method1" time="0.0"/>
  <testcase classname="test_ng.TestCase2" name="method5" time="0.0"/>
  <testcase classname="test_ng.Excelsheetgettinginput1" name="excelsheet" time="4.376"/>
  <testcase classname="test_ng.Testcase1" name="mul" time="0.0">
    <ignored/>
  </testcase> <!-- mul -->
</testsuite> <!-- Test -->
