<html>
<head>
<title>TestNG:  Test</title>
<link href="../testng.css" rel="stylesheet" type="text/css" />
<link href="../my-testng.css" rel="stylesheet" type="text/css" />

<style type="text/css">
.log { display: none;} 
.stack-trace { display: none;} 
</style>
<script type="text/javascript">
<!--
function flip(e) {
  current = e.style.display;
  if (current == 'block') {
    e.style.display = 'none';
    return 0;
  }
  else {
    e.style.display = 'block';
    return 1;
  }
}

function toggleBox(szDivId, elem, msg1, msg2)
{
  var res = -1;  if (document.getElementById) {
    res = flip(document.getElementById(szDivId));
  }
  else if (document.all) {
    // this is the way old msie versions work
    res = flip(document.all[szDivId]);
  }
  if(elem) {
    if(res == 0) elem.innerHTML = msg1; else elem.innerHTML = msg2;
  }

}

function toggleAllBoxes() {
  if (document.getElementsByTagName) {
    d = document.getElementsByTagName('div');
    for (i = 0; i < d.length; i++) {
      if (d[i].className == 'log') {
        flip(d[i]);
      }
    }
  }
}

// -->
</script>

</head>
<body>
<h2 align='center'>Test</h2><table border='1' align="center">
<tr>
<td>Tests passed/Failed/Skipped:</td><td>43/3/0</td>
</tr><tr>
<td>Started on:</td><td>Tue May 14 12:27:20 EDT 2024</td>
</tr>
<tr><td>Total time:</td><td>57 seconds (57959 ms)</td>
</tr><tr>
<td>Included groups:</td><td></td>
</tr><tr>
<td>Excluded groups:</td><td></td>
</tr>
</table><p/>
<small><i>(Hover the method name to see the test class name)</i></small><p/>
<table width='100%' border='1' class='invocation-failed'>
<tr><td colspan='4' align='center'><b>FAILED TESTS</b></td></tr>
<tr><td><b>Test method</b></td>
<td width="30%"><b>Exception</b></td>
<td width="10%"><b>Time (seconds)</b></td>
<td><b>Instance</b></td>
</tr>
<tr>
<td title='test_ng.HowtoscrollUpanddown.Scrollupanddown()'><b>Scrollupanddown</b><br>Test class: test_ng.HowtoscrollUpanddown</td>
<td><div><pre>org.openqa.selenium.WebDriverException: target frame detached
  (failed to check if window was closed: disconnected: Unable to receive message from renderer)
  (Session info: chrome=124.0.6367.202)
Build info: version: &apos;4.20.0&apos;, revision: &apos;866c76ca80&apos;
System info: os.name: &apos;Windows 11&apos;, os.arch: &apos;amd64&apos;, os.version: &apos;10.0&apos;, java.version: &apos;17.0.10&apos;
Driver info: org.openqa.selenium.chrome.ChromeDriver
Command: [d88d70f688cf7bfb1e75c5c01d962b5f, findElement {value=twotabsearchtextbox, using=id}]
Capabilities {acceptInsecureCerts: false, browserName: chrome, browserVersion: 124.0.6367.202, chrome: {chromedriverVersion: 124.0.6367.207 (a9001a6e39f..., userDataDir: C:\Users\roohi\AppData\Loca...}, fedcm:accounts: true, goog:chromeOptions: {debuggerAddress: localhost:61656}, networkConnectionEnabled: false, pageLoadStrategy: normal, platformName: windows, proxy: Proxy(), se:cdp: ws://localhost:61656/devtoo..., se:cdpVersion: 124.0.6367.202, setWindowRect: true, strictFileInteractability: false, timeouts: {implicit: 0, pageLoad: 300000, script: 30000}, unhandledPromptBehavior: dismiss and notify, webauthn:extension:credBlob: true, webauthn:extension:largeBlob: true, webauthn:extension:minPinLength: true, webauthn:extension:prf: true, webauthn:virtualAuthenticators: true}
Session ID: d88d70f688cf7bfb1e75c5c01d962b5f
	at org.openqa.selenium.remote.ErrorCodec.decode(ErrorCodec.java:167)
	at org.openqa.selenium.remote.codec.w3c.W3CHttpResponseCodec.decode(W3CHttpResponseCodec.java:138)
	at org.openqa.selenium.remote.codec.w3c.W3CHttpResponseCodec.decode(W3CHttpResponseCodec.java:50)
	at org.openqa.selenium.remote.HttpCommandExecutor.execute(HttpCommandExecutor.java:190)
	at org.openqa.selenium.remote.service.DriverCommandExecutor.invokeExecute(DriverCommandExecutor.java:216)
	at org.openqa.selenium.remote.service.DriverCommandExecutor.execute(DriverCommandExecutor.java:174)
	at org.openqa.selenium.remote.RemoteWebDriver.execute(RemoteWebDriver.java:518)
	at org.openqa.selenium.remote.ElementLocation$ElementFinder$2.findElement(ElementLocation.java:165)
	at org.openqa.selenium.remote.ElementLocation.findElement(ElementLocation.java:66)
	at org.openqa.selenium.remote.RemoteWebDriver.findElement(RemoteWebDriver.java:355)
	at org.openqa.selenium.remote.RemoteWebDriver.findElement(RemoteWebDriver.java:349)
	at test_ng.HowtoscrollUpanddown.Scrollupanddown(HowtoscrollUpanddown.java:26)
	at java.base/java.util.ArrayList.forEach(ArrayList.java:1511)
... Removed 32 stack frames</pre></div><a href='#' onClick='toggleBox("stack-trace1799424291", this, "Click to show all stack frames", "Click to hide stack frames")'>Click to show all stack frames</a>
<div class='stack-trace' id='stack-trace1799424291'><pre>org.openqa.selenium.WebDriverException: target frame detached
  (failed to check if window was closed: disconnected: Unable to receive message from renderer)
  (Session info: chrome=124.0.6367.202)
Build info: version: &apos;4.20.0&apos;, revision: &apos;866c76ca80&apos;
System info: os.name: &apos;Windows 11&apos;, os.arch: &apos;amd64&apos;, os.version: &apos;10.0&apos;, java.version: &apos;17.0.10&apos;
Driver info: org.openqa.selenium.chrome.ChromeDriver
Command: [d88d70f688cf7bfb1e75c5c01d962b5f, findElement {value=twotabsearchtextbox, using=id}]
Capabilities {acceptInsecureCerts: false, browserName: chrome, browserVersion: 124.0.6367.202, chrome: {chromedriverVersion: 124.0.6367.207 (a9001a6e39f..., userDataDir: C:\Users\roohi\AppData\Loca...}, fedcm:accounts: true, goog:chromeOptions: {debuggerAddress: localhost:61656}, networkConnectionEnabled: false, pageLoadStrategy: normal, platformName: windows, proxy: Proxy(), se:cdp: ws://localhost:61656/devtoo..., se:cdpVersion: 124.0.6367.202, setWindowRect: true, strictFileInteractability: false, timeouts: {implicit: 0, pageLoad: 300000, script: 30000}, unhandledPromptBehavior: dismiss and notify, webauthn:extension:credBlob: true, webauthn:extension:largeBlob: true, webauthn:extension:minPinLength: true, webauthn:extension:prf: true, webauthn:virtualAuthenticators: true}
Session ID: d88d70f688cf7bfb1e75c5c01d962b5f
	at java.base/jdk.internal.reflect.NativeConstructorAccessorImpl.newInstance0(Native Method)
	at java.base/jdk.internal.reflect.NativeConstructorAccessorImpl.newInstance(NativeConstructorAccessorImpl.java:77)
	at java.base/jdk.internal.reflect.DelegatingConstructorAccessorImpl.newInstance(DelegatingConstructorAccessorImpl.java:45)
	at java.base/java.lang.reflect.Constructor.newInstanceWithCaller(Constructor.java:499)
	at java.base/java.lang.reflect.Constructor.newInstance(Constructor.java:480)
	at org.openqa.selenium.remote.ErrorCodec.decode(ErrorCodec.java:167)
	at org.openqa.selenium.remote.codec.w3c.W3CHttpResponseCodec.decode(W3CHttpResponseCodec.java:138)
	at org.openqa.selenium.remote.codec.w3c.W3CHttpResponseCodec.decode(W3CHttpResponseCodec.java:50)
	at org.openqa.selenium.remote.HttpCommandExecutor.execute(HttpCommandExecutor.java:190)
	at org.openqa.selenium.remote.service.DriverCommandExecutor.invokeExecute(DriverCommandExecutor.java:216)
	at org.openqa.selenium.remote.service.DriverCommandExecutor.execute(DriverCommandExecutor.java:174)
	at org.openqa.selenium.remote.RemoteWebDriver.execute(RemoteWebDriver.java:518)
	at org.openqa.selenium.remote.ElementLocation$ElementFinder$2.findElement(ElementLocation.java:165)
	at org.openqa.selenium.remote.ElementLocation.findElement(ElementLocation.java:66)
	at org.openqa.selenium.remote.RemoteWebDriver.findElement(RemoteWebDriver.java:355)
	at org.openqa.selenium.remote.RemoteWebDriver.findElement(RemoteWebDriver.java:349)
	at test_ng.HowtoscrollUpanddown.Scrollupanddown(HowtoscrollUpanddown.java:26)
	at java.base/jdk.internal.reflect.NativeMethodAccessorImpl.invoke0(Native Method)
	at java.base/jdk.internal.reflect.NativeMethodAccessorImpl.invoke(NativeMethodAccessorImpl.java:77)
	at java.base/jdk.internal.reflect.DelegatingMethodAccessorImpl.invoke(DelegatingMethodAccessorImpl.java:43)
	at java.base/java.lang.reflect.Method.invoke(Method.java:568)
	at org.testng.internal.MethodInvocationHelper.invokeMethod(MethodInvocationHelper.java:133)
	at org.testng.internal.TestInvoker.invokeMethod(TestInvoker.java:598)
	at org.testng.internal.TestInvoker.invokeTestMethod(TestInvoker.java:173)
	at org.testng.internal.MethodRunner.runInSequence(MethodRunner.java:46)
	at org.testng.internal.TestInvoker$MethodInvocationAgent.invoke(TestInvoker.java:824)
	at org.testng.internal.TestInvoker.invokeTestMethods(TestInvoker.java:146)
	at org.testng.internal.TestMethodWorker.invokeTestMethods(TestMethodWorker.java:146)
	at org.testng.internal.TestMethodWorker.run(TestMethodWorker.java:128)
	at java.base/java.util.ArrayList.forEach(ArrayList.java:1511)
	at org.testng.TestRunner.privateRun(TestRunner.java:794)
	at org.testng.TestRunner.run(TestRunner.java:596)
	at org.testng.SuiteRunner.runTest(SuiteRunner.java:377)
	at org.testng.SuiteRunner.runSequentially(SuiteRunner.java:371)
	at org.testng.SuiteRunner.privateRun(SuiteRunner.java:332)
	at org.testng.SuiteRunner.run(SuiteRunner.java:276)
	at org.testng.SuiteRunnerWorker.runSuite(SuiteRunnerWorker.java:53)
	at org.testng.SuiteRunnerWorker.run(SuiteRunnerWorker.java:96)
	at org.testng.TestNG.runSuitesSequentially(TestNG.java:1212)
	at org.testng.TestNG.runSuitesLocally(TestNG.java:1134)
	at org.testng.TestNG.runSuites(TestNG.java:1063)
	at org.testng.TestNG.run(TestNG.java:1031)
	at org.testng.remote.AbstractRemoteTestNG.run(AbstractRemoteTestNG.java:115)
	at org.testng.remote.RemoteTestNG.initAndRun(RemoteTestNG.java:293)
	at org.testng.remote.RemoteTestNG.main(RemoteTestNG.java:91)
</pre></div></td>
<td>9</td>
<td>test_ng.HowtoscrollUpanddown@1e0b4072</td></tr>
<tr>
<td title='test_ng.Addtwoproducts_by_pankaj.amazon_22()'><b>amazon_22</b><br>Test class: test_ng.Addtwoproducts_by_pankaj</td>
<td><div><pre>org.openqa.selenium.NoSuchElementException: Unable to find element with locator By.id: nav-link-accountList-nav-line-1
For documentation on this error, please visit: https://www.selenium.dev/documentation/webdriver/troubleshooting/errors#no-such-element-exception
Build info: version: &apos;4.20.0&apos;, revision: &apos;866c76ca80&apos;
System info: os.name: &apos;Windows 11&apos;, os.arch: &apos;amd64&apos;, os.version: &apos;10.0&apos;, java.version: &apos;17.0.10&apos;
Driver info: driver.version: RemoteWebDriver
	at org.openqa.selenium.remote.ElementLocation$ElementFinder$2.findElement(ElementLocation.java:168)
	at org.openqa.selenium.remote.ElementLocation.findElement(ElementLocation.java:66)
	at org.openqa.selenium.remote.RemoteWebDriver.findElement(RemoteWebDriver.java:355)
	at org.openqa.selenium.remote.RemoteWebDriver.findElement(RemoteWebDriver.java:349)
	at test_ng.Addtwoproducts_by_pankaj.amazon_22(Addtwoproducts_by_pankaj.java:25)
	at java.base/java.util.ArrayList.forEach(ArrayList.java:1511)
... Removed 27 stack frames</pre></div><a href='#' onClick='toggleBox("stack-trace261838162", this, "Click to show all stack frames", "Click to hide stack frames")'>Click to show all stack frames</a>
<div class='stack-trace' id='stack-trace261838162'><pre>org.openqa.selenium.NoSuchElementException: Unable to find element with locator By.id: nav-link-accountList-nav-line-1
For documentation on this error, please visit: https://www.selenium.dev/documentation/webdriver/troubleshooting/errors#no-such-element-exception
Build info: version: &apos;4.20.0&apos;, revision: &apos;866c76ca80&apos;
System info: os.name: &apos;Windows 11&apos;, os.arch: &apos;amd64&apos;, os.version: &apos;10.0&apos;, java.version: &apos;17.0.10&apos;
Driver info: driver.version: RemoteWebDriver
	at org.openqa.selenium.remote.ElementLocation$ElementFinder$2.findElement(ElementLocation.java:168)
	at org.openqa.selenium.remote.ElementLocation.findElement(ElementLocation.java:66)
	at org.openqa.selenium.remote.RemoteWebDriver.findElement(RemoteWebDriver.java:355)
	at org.openqa.selenium.remote.RemoteWebDriver.findElement(RemoteWebDriver.java:349)
	at test_ng.Addtwoproducts_by_pankaj.amazon_22(Addtwoproducts_by_pankaj.java:25)
	at java.base/jdk.internal.reflect.NativeMethodAccessorImpl.invoke0(Native Method)
	at java.base/jdk.internal.reflect.NativeMethodAccessorImpl.invoke(NativeMethodAccessorImpl.java:77)
	at java.base/jdk.internal.reflect.DelegatingMethodAccessorImpl.invoke(DelegatingMethodAccessorImpl.java:43)
	at java.base/java.lang.reflect.Method.invoke(Method.java:568)
	at org.testng.internal.MethodInvocationHelper.invokeMethod(MethodInvocationHelper.java:133)
	at org.testng.internal.TestInvoker.invokeMethod(TestInvoker.java:598)
	at org.testng.internal.TestInvoker.invokeTestMethod(TestInvoker.java:173)
	at org.testng.internal.MethodRunner.runInSequence(MethodRunner.java:46)
	at org.testng.internal.TestInvoker$MethodInvocationAgent.invoke(TestInvoker.java:824)
	at org.testng.internal.TestInvoker.invokeTestMethods(TestInvoker.java:146)
	at org.testng.internal.TestMethodWorker.invokeTestMethods(TestMethodWorker.java:146)
	at org.testng.internal.TestMethodWorker.run(TestMethodWorker.java:128)
	at java.base/java.util.ArrayList.forEach(ArrayList.java:1511)
	at org.testng.TestRunner.privateRun(TestRunner.java:794)
	at org.testng.TestRunner.run(TestRunner.java:596)
	at org.testng.SuiteRunner.runTest(SuiteRunner.java:377)
	at org.testng.SuiteRunner.runSequentially(SuiteRunner.java:371)
	at org.testng.SuiteRunner.privateRun(SuiteRunner.java:332)
	at org.testng.SuiteRunner.run(SuiteRunner.java:276)
	at org.testng.SuiteRunnerWorker.runSuite(SuiteRunnerWorker.java:53)
	at org.testng.SuiteRunnerWorker.run(SuiteRunnerWorker.java:96)
	at org.testng.TestNG.runSuitesSequentially(TestNG.java:1212)
	at org.testng.TestNG.runSuitesLocally(TestNG.java:1134)
	at org.testng.TestNG.runSuites(TestNG.java:1063)
	at org.testng.TestNG.run(TestNG.java:1031)
	at org.testng.remote.AbstractRemoteTestNG.run(AbstractRemoteTestNG.java:115)
	at org.testng.remote.RemoteTestNG.initAndRun(RemoteTestNG.java:293)
	at org.testng.remote.RemoteTestNG.main(RemoteTestNG.java:91)
</pre></div></td>
<td>3</td>
<td>test_ng.Addtwoproducts_by_pankaj@791f145a</td></tr>
<tr>
<td title='test_ng.Assignment208.method2()'><b>method2</b><br>Test class: test_ng.Assignment208</td>
<td><div><pre>java.io.FileNotFoundException: C:\Users\roohi\eclipse-workspace\Maven_Project_1\src\test\java\test_ng\ScreenshotinTESTNG\.png (The system cannot find the path specified)
	at java.base/java.io.FileOutputStream.open0(Native Method)
	at java.base/java.io.FileOutputStream.open(FileOutputStream.java:293)
	at java.base/java.io.FileOutputStream.&lt;init&gt;(FileOutputStream.java:235)
	at java.base/java.io.FileOutputStream.&lt;init&gt;(FileOutputStream.java:184)
	at org.openqa.selenium.io.FileHandler.copyFile(FileHandler.java:131)
	at org.openqa.selenium.io.FileHandler.copy(FileHandler.java:110)
	at test_ng.Assignment208.method2(Assignment208.java:41)
	at java.base/java.util.ArrayList.forEach(ArrayList.java:1511)
... Removed 27 stack frames</pre></div><a href='#' onClick='toggleBox("stack-trace452015229", this, "Click to show all stack frames", "Click to hide stack frames")'>Click to show all stack frames</a>
<div class='stack-trace' id='stack-trace452015229'><pre>java.io.FileNotFoundException: C:\Users\roohi\eclipse-workspace\Maven_Project_1\src\test\java\test_ng\ScreenshotinTESTNG\.png (The system cannot find the path specified)
	at java.base/java.io.FileOutputStream.open0(Native Method)
	at java.base/java.io.FileOutputStream.open(FileOutputStream.java:293)
	at java.base/java.io.FileOutputStream.&lt;init&gt;(FileOutputStream.java:235)
	at java.base/java.io.FileOutputStream.&lt;init&gt;(FileOutputStream.java:184)
	at org.openqa.selenium.io.FileHandler.copyFile(FileHandler.java:131)
	at org.openqa.selenium.io.FileHandler.copy(FileHandler.java:110)
	at test_ng.Assignment208.method2(Assignment208.java:41)
	at java.base/jdk.internal.reflect.NativeMethodAccessorImpl.invoke0(Native Method)
	at java.base/jdk.internal.reflect.NativeMethodAccessorImpl.invoke(NativeMethodAccessorImpl.java:77)
	at java.base/jdk.internal.reflect.DelegatingMethodAccessorImpl.invoke(DelegatingMethodAccessorImpl.java:43)
	at java.base/java.lang.reflect.Method.invoke(Method.java:568)
	at org.testng.internal.MethodInvocationHelper.invokeMethod(MethodInvocationHelper.java:133)
	at org.testng.internal.TestInvoker.invokeMethod(TestInvoker.java:598)
	at org.testng.internal.TestInvoker.invokeTestMethod(TestInvoker.java:173)
	at org.testng.internal.MethodRunner.runInSequence(MethodRunner.java:46)
	at org.testng.internal.TestInvoker$MethodInvocationAgent.invoke(TestInvoker.java:824)
	at org.testng.internal.TestInvoker.invokeTestMethods(TestInvoker.java:146)
	at org.testng.internal.TestMethodWorker.invokeTestMethods(TestMethodWorker.java:146)
	at org.testng.internal.TestMethodWorker.run(TestMethodWorker.java:128)
	at java.base/java.util.ArrayList.forEach(ArrayList.java:1511)
	at org.testng.TestRunner.privateRun(TestRunner.java:794)
	at org.testng.TestRunner.run(TestRunner.java:596)
	at org.testng.SuiteRunner.runTest(SuiteRunner.java:377)
	at org.testng.SuiteRunner.runSequentially(SuiteRunner.java:371)
	at org.testng.SuiteRunner.privateRun(SuiteRunner.java:332)
	at org.testng.SuiteRunner.run(SuiteRunner.java:276)
	at org.testng.SuiteRunnerWorker.runSuite(SuiteRunnerWorker.java:53)
	at org.testng.SuiteRunnerWorker.run(SuiteRunnerWorker.java:96)
	at org.testng.TestNG.runSuitesSequentially(TestNG.java:1212)
	at org.testng.TestNG.runSuitesLocally(TestNG.java:1134)
	at org.testng.TestNG.runSuites(TestNG.java:1063)
	at org.testng.TestNG.run(TestNG.java:1031)
	at org.testng.remote.AbstractRemoteTestNG.run(AbstractRemoteTestNG.java:115)
	at org.testng.remote.RemoteTestNG.initAndRun(RemoteTestNG.java:293)
	at org.testng.remote.RemoteTestNG.main(RemoteTestNG.java:91)
</pre></div></td>
<td>1</td>
<td>test_ng.Assignment208@534a5a98</td></tr>
</table><p>
<table width='100%' border='1' class='invocation-passed'>
<tr><td colspan='4' align='center'><b>PASSED TESTS</b></td></tr>
<tr><td><b>Test method</b></td>
<td width="30%"><b>Exception</b></td>
<td width="10%"><b>Time (seconds)</b></td>
<td><b>Instance</b></td>
</tr>
<tr>
<td title='test_ng.Testparameters.add9()'><b>add9</b><br>Test class: test_ng.Testparameters</td>
<td></td>
<td>0</td>
<td>test_ng.Testparameters@3ee37e5a</td></tr>
<tr>
<td title='test_ng.Testparameters.add()'><b>add</b><br>Test class: test_ng.Testparameters</td>
<td></td>
<td>0</td>
<td>test_ng.Testparameters@3ee37e5a</td></tr>
<tr>
<td title='test_ng.TestCase2.method6()'><b>method6</b><br>Test class: test_ng.TestCase2</td>
<td></td>
<td>0</td>
<td>test_ng.TestCase2@4b45a2f5</td></tr>
<tr>
<td title='test_ng.Assignment202.add()'><b>add</b><br>Test class: test_ng.Assignment202</td>
<td></td>
<td>0</td>
<td>test_ng.Assignment202@60bd273d</td></tr>
<tr>
<td title='test_ng.TestCase2.method5()'><b>method5</b><br>Test class: test_ng.TestCase2</td>
<td></td>
<td>0</td>
<td>test_ng.TestCase2@4b45a2f5</td></tr>
<tr>
<td title='test_ng.Assignment201.add()'><b>add</b><br>Test class: test_ng.Assignment201</td>
<td></td>
<td>0</td>
<td>test_ng.Assignment201@130c12b7</td></tr>
<tr>
<td title='test_ng.Testparameters.add6()'><b>add6</b><br>Test class: test_ng.Testparameters</td>
<td></td>
<td>0</td>
<td>test_ng.Testparameters@3ee37e5a</td></tr>
<tr>
<td title='test_ng.Grouping_testcases.add4()'><b>add4</b><br>Test class: test_ng.Grouping_testcases</td>
<td></td>
<td>0</td>
<td>test_ng.Grouping_testcases@121314f7</td></tr>
<tr>
<td title='test_ng.Grouping_testcases.add()'><b>add</b><br>Test class: test_ng.Grouping_testcases</td>
<td></td>
<td>0</td>
<td>test_ng.Grouping_testcases@121314f7</td></tr>
<tr>
<td title='test_ng.Grouping_testcases.add2()'><b>add2</b><br>Test class: test_ng.Grouping_testcases</td>
<td></td>
<td>0</td>
<td>test_ng.Grouping_testcases@121314f7</td></tr>
<tr>
<td title='test_ng.Testparameters.add3()'><b>add3</b><br>Test class: test_ng.Testparameters</td>
<td></td>
<td>0</td>
<td>test_ng.Testparameters@3ee37e5a</td></tr>
<tr>
<td title='test_ng.Testcase1.add()'><b>add</b><br>Test class: test_ng.Testcase1</td>
<td></td>
<td>0</td>
<td>test_ng.Testcase1@4d154ccd</td></tr>
<tr>
<td title='test_ng.TestCase3.method1()'><b>method1</b><br>Test class: test_ng.TestCase3</td>
<td></td>
<td>0</td>
<td>test_ng.TestCase3@38cee291</td></tr>
<tr>
<td title='test_ng.TestCase5.method1()'><b>method1</b><br>Test class: test_ng.TestCase5</td>
<td></td>
<td>0</td>
<td>test_ng.TestCase5@229c6181</td></tr>
<tr>
<td title='test_ng.Assignment200.add()'><b>add</b><br>Test class: test_ng.Assignment200</td>
<td></td>
<td>0</td>
<td>test_ng.Assignment200@5e600dd5</td></tr>
<tr>
<td title='test_ng.Testcase1.add()'><b>add</b><br>Test class: test_ng.Testcase1</td>
<td></td>
<td>0</td>
<td>test_ng.Testcase1@4d154ccd</td></tr>
<tr>
<td title='test_ng.Testcase1.add()'><b>add</b><br>Test class: test_ng.Testcase1</td>
<td></td>
<td>0</td>
<td>test_ng.Testcase1@4d154ccd</td></tr>
<tr>
<td title='test_ng.Testcase1.add()'><b>add</b><br>Test class: test_ng.Testcase1</td>
<td></td>
<td>0</td>
<td>test_ng.Testcase1@4d154ccd</td></tr>
<tr>
<td title='test_ng.Testcase1.add()'><b>add</b><br>Test class: test_ng.Testcase1</td>
<td></td>
<td>0</td>
<td>test_ng.Testcase1@4d154ccd</td></tr>
<tr>
<td title='test_ng.Assignment199.add5()'><b>add5</b><br>Test class: test_ng.Assignment199</td>
<td></td>
<td>0</td>
<td>test_ng.Assignment199@65c7a252</td></tr>
<tr>
<td title='test_ng.Testcase1.num()'><b>num</b><br>Test class: test_ng.Testcase1</td>
<td></td>
<td>0</td>
<td>test_ng.Testcase1@4d154ccd</td></tr>
<tr>
<td title='test_ng.Testparameters.add1()'><b>add1</b><br>Test class: test_ng.Testparameters</td>
<td></td>
<td>0</td>
<td>test_ng.Testparameters@3ee37e5a</td></tr>
<tr>
<td title='test_ng.Assignment207.y()'><b>y</b><br>Test class: test_ng.Assignment207</td>
<td></td>
<td>0</td>
<td>test_ng.Assignment207@4f80542f</td></tr>
<tr>
<td title='test_ng.TestCase4.method1()'><b>method1</b><br>Test class: test_ng.TestCase4</td>
<td></td>
<td>0</td>
<td>test_ng.TestCase4@4686afc2</td></tr>
<tr>
<td title='test_ng.Parentclass_Childclass_comandprogram.addproduct1()'><b>addproduct1</b><br>Test class: test_ng.Parentclass_Childclass_comandprogram</td>
<td></td>
<td>33</td>
<td>test_ng.Parentclass_Childclass_comandprogram@5a45133e</td></tr>
<tr>
<td title='test_ng.Grouping_testcases.add1()'><b>add1</b><br>Test class: test_ng.Grouping_testcases</td>
<td></td>
<td>0</td>
<td>test_ng.Grouping_testcases@121314f7</td></tr>
<tr>
<td title='test_ng.Testcase1.add()'><b>add</b><br>Test class: test_ng.Testcase1</td>
<td></td>
<td>0</td>
<td>test_ng.Testcase1@4d154ccd</td></tr>
<tr>
<td title='test_ng.Testparameters.add9()'><b>add9</b><br>Test class: test_ng.Testparameters</td>
<td></td>
<td>0</td>
<td>test_ng.Testparameters@3ee37e5a</td></tr>
<tr>
<td title='test_ng.Assignment202.add8()'><b>add8</b><br>Test class: test_ng.Assignment202</td>
<td></td>
<td>0</td>
<td>test_ng.Assignment202@60bd273d</td></tr>
<tr>
<td title='test_ng.Testparameters.add5()'><b>add5</b><br>Test class: test_ng.Testparameters</td>
<td></td>
<td>0</td>
<td>test_ng.Testparameters@3ee37e5a</td></tr>
<tr>
<td title='test_ng.Testcase1.add()'><b>add</b><br>Test class: test_ng.Testcase1</td>
<td></td>
<td>0</td>
<td>test_ng.Testcase1@4d154ccd</td></tr>
<tr>
<td title='test_ng.Testcase1.add()'><b>add</b><br>Test class: test_ng.Testcase1</td>
<td></td>
<td>0</td>
<td>test_ng.Testcase1@4d154ccd</td></tr>
<tr>
<td title='test_ng.Testparameters.add9()'><b>add9</b><br>Test class: test_ng.Testparameters</td>
<td></td>
<td>0</td>
<td>test_ng.Testparameters@3ee37e5a</td></tr>
<tr>
<td title='test_ng.Testcase1.add()'><b>add</b><br>Test class: test_ng.Testcase1</td>
<td></td>
<td>0</td>
<td>test_ng.Testcase1@4d154ccd</td></tr>
<tr>
<td title='test_ng.Grouping_testcases.add3()'><b>add3</b><br>Test class: test_ng.Grouping_testcases</td>
<td></td>
<td>0</td>
<td>test_ng.Grouping_testcases@121314f7</td></tr>
<tr>
<td title='test_ng.Testcase1.add()'><b>add</b><br>Test class: test_ng.Testcase1</td>
<td></td>
<td>0</td>
<td>test_ng.Testcase1@4d154ccd</td></tr>
<tr>
<td title='test_ng.Excelsheetgettinginput1.excelsheet()'><b>excelsheet</b><br>Test class: test_ng.Excelsheetgettinginput1</td>
<td></td>
<td>4</td>
<td>test_ng.Excelsheetgettinginput1@f09733f</td></tr>
<tr>
<td title='test_ng.TestCase2.method1()'><b>method1</b><br>Test class: test_ng.TestCase2</td>
<td></td>
<td>0</td>
<td>test_ng.TestCase2@4b45a2f5</td></tr>
<tr>
<td title='test_ng.Testcase1.add()'><b>add</b><br>Test class: test_ng.Testcase1</td>
<td></td>
<td>0</td>
<td>test_ng.Testcase1@4d154ccd</td></tr>
<tr>
<td title='test_ng.Assignment202.add0()'><b>add0</b><br>Test class: test_ng.Assignment202</td>
<td></td>
<td>0</td>
<td>test_ng.Assignment202@60bd273d</td></tr>
<tr>
<td title='test_ng.Testcase1.add()'><b>add</b><br>Test class: test_ng.Testcase1</td>
<td></td>
<td>0</td>
<td>test_ng.Testcase1@4d154ccd</td></tr>
<tr>
<td title='test_ng.Assignment201.add8()'><b>add8</b><br>Test class: test_ng.Assignment201</td>
<td></td>
<td>0</td>
<td>test_ng.Assignment201@130c12b7</td></tr>
<tr>
<td title='test_ng.Testparameters.add7()'><b>add7</b><br>Test class: test_ng.Testparameters</td>
<td></td>
<td>0</td>
<td>test_ng.Testparameters@3ee37e5a</td></tr>
</table><p>
</body>
</html>